0 info it worked if it ends with ok
1 verbose cli [ '/usr/local/bin/node',
1 verbose cli   '/usr/local/bin/npm',
1 verbose cli   'install',
1 verbose cli   '-g',
1 verbose cli   'typescript' ]
2 info using npm@3.10.3
3 info using node@v6.6.0
4 silly loadCurrentTree Starting
5 silly install loadCurrentTree
6 silly install readGlobalPackageData
7 silly fetchPackageMetaData typescript
8 silly fetchNamedPackageData typescript
9 silly mapToRegistry name typescript
10 silly mapToRegistry using default registry
11 silly mapToRegistry registry https://registry.npmjs.org/
12 silly mapToRegistry data Result {
12 silly mapToRegistry   raw: 'typescript',
12 silly mapToRegistry   scope: null,
12 silly mapToRegistry   escapedName: 'typescript',
12 silly mapToRegistry   name: 'typescript',
12 silly mapToRegistry   rawSpec: '',
12 silly mapToRegistry   spec: 'latest',
12 silly mapToRegistry   type: 'tag' }
13 silly mapToRegistry uri https://registry.npmjs.org/typescript
14 verbose request uri https://registry.npmjs.org/typescript
15 verbose request no auth needed
16 info attempt registry request try #1 at 10:32:26 AM
17 verbose request id 99ab3d6ee00a0696
18 verbose etag "747JMZ22PS6JWSRSYWO4JJ049"
19 http request GET https://registry.npmjs.org/typescript
20 http 200 https://registry.npmjs.org/typescript
21 verbose headers { server: 'CouchDB/1.5.0 (Erlang OTP/R16B03)',
21 verbose headers   etag: '"B6YCLTTOMBDT1HRFU6NSRTKNJ"',
21 verbose headers   'content-type': 'application/json',
21 verbose headers   'content-encoding': 'gzip',
21 verbose headers   'cache-control': 'max-age=300',
21 verbose headers   'content-length': '70600',
21 verbose headers   'accept-ranges': 'bytes',
21 verbose headers   date: 'Mon, 26 Sep 2016 05:02:27 GMT',
21 verbose headers   via: '1.1 varnish',
21 verbose headers   age: '165',
21 verbose headers   connection: 'keep-alive',
21 verbose headers   'x-served-by': 'cache-sin6926-SIN',
21 verbose headers   'x-cache': 'HIT',
21 verbose headers   'x-cache-hits': '206',
21 verbose headers   'x-timer': 'S1474866147.257954,VS0,VE0',
21 verbose headers   vary: 'Accept-Encoding' }
22 silly get cb [ 200,
22 silly get   { server: 'CouchDB/1.5.0 (Erlang OTP/R16B03)',
22 silly get     etag: '"B6YCLTTOMBDT1HRFU6NSRTKNJ"',
22 silly get     'content-type': 'application/json',
22 silly get     'content-encoding': 'gzip',
22 silly get     'cache-control': 'max-age=300',
22 silly get     'content-length': '70600',
22 silly get     'accept-ranges': 'bytes',
22 silly get     date: 'Mon, 26 Sep 2016 05:02:27 GMT',
22 silly get     via: '1.1 varnish',
22 silly get     age: '165',
22 silly get     connection: 'keep-alive',
22 silly get     'x-served-by': 'cache-sin6926-SIN',
22 silly get     'x-cache': 'HIT',
22 silly get     'x-cache-hits': '206',
22 silly get     'x-timer': 'S1474866147.257954,VS0,VE0',
22 silly get     vary: 'Accept-Encoding' } ]
23 verbose get saving typescript to /Users/rinsoft/.npm/registry.npmjs.org/typescript/.cache.json
24 verbose correctMkdir /Users/rinsoft/.npm correctMkdir not in flight; initializing
25 silly install normalizeTree
26 silly loadCurrentTree Finishing
27 silly loadIdealTree Starting
28 silly install loadIdealTree
29 silly cloneCurrentTree Starting
30 silly install cloneCurrentTreeToIdealTree
31 silly cloneCurrentTree Finishing
32 silly loadShrinkwrap Starting
33 silly install loadShrinkwrap
34 silly loadShrinkwrap Finishing
35 silly loadAllDepsIntoIdealTree Starting
36 silly install loadAllDepsIntoIdealTree
37 silly resolveWithNewModule typescript@2.0.3 checking installable status
38 silly cache add args [ 'typescript', null ]
39 verbose cache add spec typescript
40 silly cache add parsed spec Result {
40 silly cache add   raw: 'typescript',
40 silly cache add   scope: null,
40 silly cache add   escapedName: 'typescript',
40 silly cache add   name: 'typescript',
40 silly cache add   rawSpec: '',
40 silly cache add   spec: 'latest',
40 silly cache add   type: 'tag' }
41 silly addNamed typescript@latest
42 verbose addNamed "latest" is being treated as a dist-tag for typescript
43 info addNameTag [ 'typescript', 'latest' ]
44 silly mapToRegistry name typescript
45 silly mapToRegistry using default registry
46 silly mapToRegistry registry https://registry.npmjs.org/
47 silly mapToRegistry data Result {
47 silly mapToRegistry   raw: 'typescript',
47 silly mapToRegistry   scope: null,
47 silly mapToRegistry   escapedName: 'typescript',
47 silly mapToRegistry   name: 'typescript',
47 silly mapToRegistry   rawSpec: '',
47 silly mapToRegistry   spec: 'latest',
47 silly mapToRegistry   type: 'tag' }
48 silly mapToRegistry uri https://registry.npmjs.org/typescript
49 verbose addNameTag registry:https://registry.npmjs.org/typescript not in flight; fetching
50 verbose get https://registry.npmjs.org/typescript not expired, no request
51 silly addNameTag next cb for typescript with tag latest
52 silly addNamed typescript@2.0.3
53 verbose addNamed "2.0.3" is a plain semver version for typescript
54 silly mapToRegistry name typescript
55 silly mapToRegistry using default registry
56 silly mapToRegistry registry https://registry.npmjs.org/
57 silly mapToRegistry data Result {
57 silly mapToRegistry   raw: 'typescript',
57 silly mapToRegistry   scope: null,
57 silly mapToRegistry   escapedName: 'typescript',
57 silly mapToRegistry   name: 'typescript',
57 silly mapToRegistry   rawSpec: '',
57 silly mapToRegistry   spec: 'latest',
57 silly mapToRegistry   type: 'tag' }
58 silly mapToRegistry uri https://registry.npmjs.org/typescript
59 verbose addRemoteTarball https://registry.npmjs.org/typescript/-/typescript-2.0.3.tgz not in flight; adding
60 verbose addRemoteTarball [ 'https://registry.npmjs.org/typescript/-/typescript-2.0.3.tgz',
60 verbose addRemoteTarball   '33dec9eae86b8eee327dd419ca050c853cabd514' ]
61 info retry fetch attempt 1 at 10:32:27 AM
62 info attempt registry request try #1 at 10:32:27 AM
63 http fetch GET https://registry.npmjs.org/typescript/-/typescript-2.0.3.tgz
64 http fetch 200 https://registry.npmjs.org/typescript/-/typescript-2.0.3.tgz
65 silly fetchAndShaCheck shasum 33dec9eae86b8eee327dd419ca050c853cabd514
66 verbose addTmpTarball /var/folders/w1/r1fp46_n3kl1sjc8bnqg10m00000gn/T/npm-922-1a50ddce/registry.npmjs.org/typescript/-/typescript-2.0.3.tgz not in flight; adding
67 verbose addTmpTarball already have metadata; skipping unpack for typescript@2.0.3
68 verbose correctMkdir /Users/rinsoft/.npm correctMkdir not in flight; initializing
69 silly cache afterAdd typescript@2.0.3
70 verbose afterAdd /Users/rinsoft/.npm/typescript/2.0.3/package/package.json not in flight; writing
71 verbose correctMkdir /Users/rinsoft/.npm correctMkdir not in flight; initializing
72 verbose afterAdd /Users/rinsoft/.npm/typescript/2.0.3/package/package.json written
73 silly loadAllDepsIntoIdealTree Finishing
74 silly loadIdealTree Finishing
75 silly currentTree lib
75 silly currentTree └── typescript@1.8.10
76 silly idealTree lib
76 silly idealTree └── typescript@2.0.3
77 silly generateActionsToTake Starting
78 silly install generateActionsToTake
79 warn checkPermissions Missing write access to /usr/local/lib/node_modules/typescript
80 warn checkPermissions Missing write access to /usr/local/lib/node_modules
81 silly rollbackFailedOptional Starting
82 silly rollbackFailedOptional Finishing
83 silly runTopLevelLifecycles Starting
84 silly runTopLevelLifecycles Finishing
85 silly install printInstalled
86 verbose stack Error: EACCES: permission denied, access '/usr/local/lib/node_modules/typescript'
86 verbose stack     at Error (native)
87 verbose cwd /Users/rinsoft/Documents/Projects/Angular-form
88 error Darwin 15.6.0
89 error argv "/usr/local/bin/node" "/usr/local/bin/npm" "install" "-g" "typescript"
90 error node v6.6.0
91 error npm  v3.10.3
92 error path /usr/local/lib/node_modules/typescript
93 error code EACCES
94 error errno -13
95 error syscall access
96 error Error: EACCES: permission denied, access '/usr/local/lib/node_modules/typescript'
96 error     at Error (native)
96 error  { Error: EACCES: permission denied, access '/usr/local/lib/node_modules/typescript'
96 error     at Error (native)
96 error   errno: -13,
96 error   code: 'EACCES',
96 error   syscall: 'access',
96 error   path: '/usr/local/lib/node_modules/typescript' }
97 error Please try running this command again as root/Administrator.
98 verbose exit [ -13, true ]
